<?xml version="1.0" encoding="UTF-8"?>
<!-- Generated by org.testng.reporters.JUnitReportReporter -->
<testsuite hostname="DESKTOP-0M5F1JE" failures="0" tests="5" name="abc.NewTest" time="0.032" errors="0" timestamp="2022-12-28T14:39:07 IST" skipped="0">
  <testcase classname="abc.NewTest" name="test3" time="0.006"/>
  <system-out/>
  <testcase classname="abc.NewTest" name="test1" time="0.019"/>
  <system-out/>
  <testcase classname="abc.NewTest" name="test4" time="0.003"/>
  <system-out/>
  <testcase classname="abc.NewTest" name="test5" time="0.002"/>
  <system-out/>
  <testcase classname="abc.NewTest" name="test2" time="0.002"/>
  <system-out/>
</testsuite> <!-- abc.NewTest -->
